{"uuid":"91bdd533-a54a-4536-b596-0ca58ee1b9bb","name":"user Registration","children":["121e7208-1bc7-4181-a352-7923e33e160b","1a900828-827c-460d-8896-5c7953aecc7c","42790e6f-de1e-4ea1-8e1b-f0b63ae369c6","de8b0773-7609-4eac-837c-c016da9b4870"],"befores":[{"name":"setUp","status":"broken","statusDetails":{"known":false,"muted":false,"flaky":false,"message":"Unable to obtain: geckodriver, error geckodriver must exist: \\Users\\faria\\Downloads\\geckodriver\nFor documentation on this error, please visit: https://www.selenium.dev/documentation/webdriver/troubleshooting/errors/driver_location/\nBuild info: version: '4.26.0', revision: '8ccf0219d7'\nSystem info: os.name: 'Windows 11', os.arch: 'amd64', os.version: '10.0', java.version: '21.0.5'\nDriver info: driver.version: FirefoxDriver","trace":"org.openqa.selenium.remote.NoSuchDriverException: Unable to obtain: geckodriver, error geckodriver must exist: \\Users\\faria\\Downloads\\geckodriver\nFor documentation on this error, please visit: https://www.selenium.dev/documentation/webdriver/troubleshooting/errors/driver_location/\nBuild info: version: '4.26.0', revision: '8ccf0219d7'\nSystem info: os.name: 'Windows 11', os.arch: 'amd64', os.version: '10.0', java.version: '21.0.5'\nDriver info: driver.version: FirefoxDriver\r\n\tat org.openqa.selenium.remote.service.DriverFinder.getBinaryPaths(DriverFinder.java:121)\r\n\tat org.openqa.selenium.remote.service.DriverFinder.getDriverPath(DriverFinder.java:55)\r\n\tat org.openqa.selenium.firefox.FirefoxDriver.generateExecutor(FirefoxDriver.java:141)\r\n\tat org.openqa.selenium.firefox.FirefoxDriver.<init>(FirefoxDriver.java:132)\r\n\tat org.openqa.selenium.firefox.FirefoxDriver.<init>(FirefoxDriver.java:127)\r\n\tat org.openqa.selenium.firefox.FirefoxDriver.<init>(FirefoxDriver.java:112)\r\n\tat org.openqa.selenium.firefox.FirefoxDriver.<init>(FirefoxDriver.java:102)\r\n\tat setup.SetUp.setUp(SetUp.java:22)\r\n\tat java.base/jdk.internal.reflect.DirectMethodHandleAccessor.invoke(DirectMethodHandleAccessor.java:103)\r\n\tat java.base/java.lang.reflect.Method.invoke(Method.java:580)\r\n\tat org.testng.internal.invokers.MethodInvocationHelper.invokeMethod(MethodInvocationHelper.java:141)\r\n\tat org.testng.internal.invokers.MethodInvocationHelper.invokeMethodConsideringTimeout(MethodInvocationHelper.java:71)\r\n\tat org.testng.internal.invokers.ConfigInvoker.invokeConfigurationMethod(ConfigInvoker.java:400)\r\n\tat org.testng.internal.invokers.ConfigInvoker.invokeConfigurations(ConfigInvoker.java:333)\r\n\tat org.testng.TestRunner.invokeTestConfigurations(TestRunner.java:655)\r\n\tat org.testng.TestRunner.beforeRun(TestRunner.java:644)\r\n\tat org.testng.TestRunner.run(TestRunner.java:610)\r\n\tat org.testng.SuiteRunner.runTest(SuiteRunner.java:421)\r\n\tat org.testng.SuiteRunner.runSequentially(SuiteRunner.java:413)\r\n\tat org.testng.SuiteRunner.privateRun(SuiteRunner.java:373)\r\n\tat org.testng.SuiteRunner.run(SuiteRunner.java:312)\r\n\tat org.testng.SuiteRunnerWorker.runSuite(SuiteRunnerWorker.java:52)\r\n\tat org.testng.SuiteRunnerWorker.run(SuiteRunnerWorker.java:95)\r\n\tat org.testng.TestNG.runSuitesSequentially(TestNG.java:1274)\r\n\tat org.testng.TestNG.runSuitesLocally(TestNG.java:1208)\r\n\tat org.testng.TestNG.runSuites(TestNG.java:1112)\r\n\tat org.testng.TestNG.run(TestNG.java:1079)\r\n\tat org.gradle.api.internal.tasks.testing.testng.TestNGTestClassProcessor.runTests(TestNGTestClassProcessor.java:153)\r\n\tat org.gradle.api.internal.tasks.testing.testng.TestNGTestClassProcessor.stop(TestNGTestClassProcessor.java:95)\r\n\tat org.gradle.api.internal.tasks.testing.SuiteTestClassProcessor.stop(SuiteTestClassProcessor.java:63)\r\n\tat java.base/jdk.internal.reflect.DirectMethodHandleAccessor.invoke(DirectMethodHandleAccessor.java:103)\r\n\tat java.base/java.lang.reflect.Method.invoke(Method.java:580)\r\n\tat org.gradle.internal.dispatch.ReflectionDispatch.dispatch(ReflectionDispatch.java:36)\r\n\tat org.gradle.internal.dispatch.ReflectionDispatch.dispatch(ReflectionDispatch.java:24)\r\n\tat org.gradle.internal.dispatch.ContextClassLoaderDispatch.dispatch(ContextClassLoaderDispatch.java:33)\r\n\tat org.gradle.internal.dispatch.ProxyDispatchAdapter$DispatchingInvocationHandler.invoke(ProxyDispatchAdapter.java:92)\r\n\tat jdk.proxy1/jdk.proxy1.$Proxy4.stop(Unknown Source)\r\n\tat org.gradle.api.internal.tasks.testing.worker.TestWorker$3.run(TestWorker.java:200)\r\n\tat org.gradle.api.internal.tasks.testing.worker.TestWorker.executeAndMaintainThreadName(TestWorker.java:132)\r\n\tat org.gradle.api.internal.tasks.testing.worker.TestWorker.execute(TestWorker.java:103)\r\n\tat org.gradle.api.internal.tasks.testing.worker.TestWorker.execute(TestWorker.java:63)\r\n\tat org.gradle.process.internal.worker.child.ActionExecutionWorker.execute(ActionExecutionWorker.java:56)\r\n\tat org.gradle.process.internal.worker.child.SystemApplicationClassLoaderWorker.call(SystemApplicationClassLoaderWorker.java:121)\r\n\tat org.gradle.process.internal.worker.child.SystemApplicationClassLoaderWorker.call(SystemApplicationClassLoaderWorker.java:71)\r\n\tat worker.org.gradle.process.internal.worker.GradleWorkerMain.run(GradleWorkerMain.java:69)\r\n\tat worker.org.gradle.process.internal.worker.GradleWorkerMain.main(GradleWorkerMain.java:74)\r\nCaused by: java.lang.IllegalStateException: geckodriver must exist: \\Users\\faria\\Downloads\\geckodriver\r\n\tat org.openqa.selenium.internal.Require$PathStateChecker.isExecutable(Require.java:478)\r\n\tat org.openqa.selenium.remote.service.DriverFinder.getBinaryPaths(DriverFinder.java:118)\r\n\t... 45 more\r\n"},"stage":"finished","description":"","steps":[],"attachments":[],"parameters":[],"start":1733944299042,"stop":1733944299203}],"afters":[],"start":1733944299009,"stop":1733944299595}